c:\users\galbe\desktop\sdl_gametemplate\sdl_gametemplate\sdl_gametemplate\x64\debug\vc142.pdb
c:\users\galbe\desktop\sdl_gametemplate\sdl_gametemplate\sdl_gametemplate\x64\debug\vc142.idb
c:\users\galbe\desktop\sdl_gametemplate\sdl_gametemplate\sdl_gametemplate\x64\debug\texturemanager.obj
c:\users\galbe\desktop\sdl_gametemplate\sdl_gametemplate\sdl_gametemplate\x64\debug\positioncomponent.obj
c:\users\galbe\desktop\sdl_gametemplate\sdl_gametemplate\sdl_gametemplate\x64\debug\player.obj
c:\users\galbe\desktop\sdl_gametemplate\sdl_gametemplate\sdl_gametemplate\x64\debug\map.obj
c:\users\galbe\desktop\sdl_gametemplate\sdl_gametemplate\sdl_gametemplate\x64\debug\main.obj
c:\users\galbe\desktop\sdl_gametemplate\sdl_gametemplate\sdl_gametemplate\x64\debug\gameobject.obj
c:\users\galbe\desktop\sdl_gametemplate\sdl_gametemplate\sdl_gametemplate\x64\debug\game.obj
c:\users\galbe\desktop\sdl_gametemplate\sdl_gametemplate\sdl_gametemplate\x64\debug\enemy.obj
c:\users\galbe\desktop\sdl_gametemplate\sdl_gametemplate\sdl_gametemplate\x64\debug\collision.obj
c:\users\galbe\desktop\sdl_gametemplate\sdl_gametemplate\sdl_gametemplate\x64\debug\powers.obj
c:\users\galbe\desktop\sdl_gametemplate\sdl_gametemplate\sdl_gametemplate\x64\debug\windows.obj
c:\users\galbe\desktop\sdl_gametemplate\sdl_gametemplate\x64\debug\covid-19_game.exe
c:\users\galbe\desktop\sdl_gametemplate\sdl_gametemplate\sdl_gametemplate\x64\debug\covid-19_game.ilk
c:\users\galbe\desktop\sdl_gametemplate\sdl_gametemplate\x64\debug\covid-19_game.pdb
c:\users\galbe\desktop\sdl_gametemplate\sdl_gametemplate\sdl_gametemplate\x64\debug\covid-19_game.tlog\cl.command.1.tlog
c:\users\galbe\desktop\sdl_gametemplate\sdl_gametemplate\sdl_gametemplate\x64\debug\covid-19_game.tlog\cl.read.1.tlog
c:\users\galbe\desktop\sdl_gametemplate\sdl_gametemplate\sdl_gametemplate\x64\debug\covid-19_game.tlog\cl.write.1.tlog
c:\users\galbe\desktop\sdl_gametemplate\sdl_gametemplate\sdl_gametemplate\x64\debug\covid-19_game.tlog\link.command.1.tlog
c:\users\galbe\desktop\sdl_gametemplate\sdl_gametemplate\sdl_gametemplate\x64\debug\covid-19_game.tlog\link.read.1.tlog
c:\users\galbe\desktop\sdl_gametemplate\sdl_gametemplate\sdl_gametemplate\x64\debug\covid-19_game.tlog\link.write.1.tlog
